2025-08-14 18:43:06,135 - INFO - Start
2025-08-14 18:43:06,135 - INFO - Just do it!
2025-08-14 18:43:06,135 - INFO - End
2025-08-14 18:43:16,112 - INFO - Start
2025-08-14 18:43:16,112 - INFO - Just do it!
2025-08-14 18:43:16,112 - INFO - End
2025-08-14 18:44:03,706 - INFO - Start
2025-08-14 18:44:03,706 - INFO - Just do it!
2025-08-14 18:44:03,706 - INFO - End
Rohit 2025-08-14 18:44:29,178 - INFO - Start
mylib 2025-08-14 18:44:29,178 - INFO - Just do it!
Rohit 2025-08-14 18:44:29,178 - INFO - End
__main__ 2025-08-14 18:46:12,467 - INFO - Start
mylib 2025-08-14 18:46:12,467 - INFO - Just do it!
__main__ 2025-08-14 18:46:12,467 - INFO - End
__main__ 2025-08-14 18:49:17,228 - INFO - Start
mylib 2025-08-14 18:49:17,228 - INFO - Just do it!
__main__ 2025-08-14 18:49:17,229 - INFO - End
__main__ 2025-08-14 18:51:31,021 - INFO - Start
mylib 2025-08-14 18:51:31,021 - INFO - Just do it!
__main__ 2025-08-14 18:51:31,021 - INFO - End
__main__ 2025-08-14 18:51:50,293 - INFO - Start
mylib 2025-08-14 18:51:50,293 - INFO - Just do it!
__main__ 2025-08-14 18:51:50,293 - INFO - End
__main__ 2025-08-14 18:52:03,644 - INFO - Start
mylib 2025-08-14 18:52:03,645 - INFO - Just do it!
__main__ 2025-08-14 18:52:03,645 - INFO - End
root 2025-08-14 19:11:07,042 - INFO - Start
mylib 2025-08-14 19:11:07,042 - INFO - Just do it!
root 2025-08-14 19:11:07,043 - INFO - End
__main__ 2025-08-14 19:11:43,028 - INFO - Start
mylib 2025-08-14 19:11:43,029 - INFO - Just do it!
__main__ 2025-08-14 19:11:43,029 - INFO - End
INFO:__main__:Start
INFO:mylib:Just do it!
INFO:__main__:End
