2025-08-15 16:39:38,272 - INFO - Generating all sample datasets...
2025-08-15 16:39:38,273 - INFO - Generating sales_data.csv in raw_data...
2025-08-15 16:39:38,431 - INFO - Generated sales_data.csv with 10000 records
2025-08-15 16:39:38,435 - INFO - Generating customers_data.json...
2025-08-15 16:39:38,496 - INFO - Generated customers_data.json with 2000 records
2025-08-15 16:39:38,496 - INFO - Generating products_data.parquet...
2025-08-15 16:39:38,529 - INFO - Generated products_data.parquet with 500 records
2025-08-15 16:39:38,530 - INFO - Sample data generation completed!
2025-08-15 16:39:38,531 - INFO - Pipeline initialized with raw_data: raw_data, processed: processed
2025-08-15 16:39:38,531 - INFO - Starting data pipeline execution...
2025-08-15 16:39:38,532 - INFO - Ingesting CSV files...
2025-08-15 16:39:38,568 - INFO - Optimizing data types...
2025-08-15 16:39:38,625 - INFO - Loaded sales_data.csv: 10000 rows, 9 columns
2025-08-15 16:39:38,625 - INFO - Memory usage at CSV ingestion: 98.77 MB
2025-08-15 16:39:38,625 - INFO - Ingesting JSON files...
2025-08-15 16:39:38,653 - INFO - Optimizing data types...
2025-08-15 16:39:38,666 - INFO - Loaded customers_data.json: 2000 rows, 8 columns
2025-08-15 16:39:38,667 - INFO - Memory usage at JSON ingestion: 100.63 MB
2025-08-15 16:39:38,667 - INFO - Ingesting Parquet files...
2025-08-15 16:39:39,460 - INFO - Loaded products_data.parquet: 500 rows, 8 columns
2025-08-15 16:39:39,460 - INFO - Memory usage at Parquet ingestion: 106.51 MB
2025-08-15 16:39:39,461 - INFO - Performing cross-dataset joins...
2025-08-15 16:39:39,462 - INFO - Using sales_data as base dataset with 10000 rows
2025-08-15 16:39:39,491 - INFO - Joined customers_data on column 'customer_id'
2025-08-15 16:39:39,502 - INFO - Joined products_data on column 'product_id'
2025-08-15 16:39:39,502 - INFO - Memory usage at Data joins: 107.91 MB
2025-08-15 16:39:39,503 - INFO - Calculating KPIs with NumPy...
2025-08-15 16:39:39,522 - INFO - Performing aggregations with Polars...
2025-08-15 16:39:39,884 - INFO - Completed time-based aggregations
2025-08-15 16:39:39,885 - INFO - Memory usage at Polars aggregations: 117.61 MB
2025-08-15 16:39:39,885 - INFO - Saving processed results...
2025-08-15 16:39:40,201 - INFO - Results saved to processed
2025-08-15 16:39:40,202 - INFO - Pipeline completed successfully in 1.67 seconds
2025-08-15 16:39:40,202 - INFO - Processed 10000 total rows across 3 datasets
2025-08-15 16:40:58,707 - INFO - Generating all sample datasets...
2025-08-15 16:40:58,708 - INFO - Generating sales_data.csv in Week2\raw_data...
2025-08-15 16:40:58,866 - INFO - Generated sales_data.csv with 10000 records
2025-08-15 16:40:58,870 - INFO - Generating customers_data.json...
2025-08-15 16:40:58,937 - INFO - Generated customers_data.json with 2000 records
2025-08-15 16:40:58,937 - INFO - Generating products_data.parquet...
2025-08-15 16:40:58,960 - INFO - Generated products_data.parquet with 500 records
2025-08-15 16:40:58,960 - INFO - Sample data generation completed!
2025-08-15 16:40:58,961 - INFO - Pipeline initialized with raw_data: raw_data, processed: processed
2025-08-15 16:40:58,962 - INFO - Starting data pipeline execution...
2025-08-15 16:40:58,962 - INFO - Ingesting CSV files...
2025-08-15 16:40:58,983 - INFO - Optimizing data types...
2025-08-15 16:40:59,010 - INFO - Loaded sales_data.csv: 10000 rows, 9 columns
2025-08-15 16:40:59,010 - INFO - Memory usage at CSV ingestion: 99.59 MB
2025-08-15 16:40:59,011 - INFO - Ingesting JSON files...
2025-08-15 16:40:59,026 - INFO - Optimizing data types...
2025-08-15 16:40:59,039 - INFO - Loaded customers_data.json: 2000 rows, 8 columns
2025-08-15 16:40:59,039 - INFO - Memory usage at JSON ingestion: 100.74 MB
2025-08-15 16:40:59,039 - INFO - Ingesting Parquet files...
2025-08-15 16:40:59,071 - INFO - Loaded products_data.parquet: 500 rows, 8 columns
2025-08-15 16:40:59,071 - INFO - Memory usage at Parquet ingestion: 106.53 MB
2025-08-15 16:40:59,071 - INFO - Performing cross-dataset joins...
2025-08-15 16:40:59,072 - INFO - Using sales_data as base dataset with 10000 rows
2025-08-15 16:40:59,081 - INFO - Joined customers_data on column 'customer_id'
2025-08-15 16:40:59,089 - INFO - Joined products_data on column 'product_id'
2025-08-15 16:40:59,089 - INFO - Memory usage at Data joins: 108.43 MB
2025-08-15 16:40:59,090 - INFO - Calculating KPIs with NumPy...
2025-08-15 16:40:59,097 - INFO - Performing aggregations with Polars...
2025-08-15 16:40:59,119 - INFO - Completed time-based aggregations
2025-08-15 16:40:59,119 - INFO - Memory usage at Polars aggregations: 117.86 MB
2025-08-15 16:40:59,120 - INFO - Saving processed results...
2025-08-15 16:40:59,303 - INFO - Results saved to processed
2025-08-15 16:40:59,303 - INFO - Pipeline completed successfully in 0.34 seconds
2025-08-15 16:40:59,303 - INFO - Processed 10000 total rows across 3 datasets
2025-08-15 16:54:31,321 - INFO - Generating all sample datasets...
2025-08-15 16:54:31,322 - INFO - Generating sales_data.csv in Week2\raw_data...
2025-08-15 16:54:31,650 - INFO - Generated sales_data.csv with 10000 records
2025-08-15 16:54:31,655 - INFO - Generating customers_data.json...
2025-08-15 16:54:31,801 - INFO - Generated customers_data.json with 2000 records
2025-08-15 16:54:31,802 - INFO - Generating products_data.parquet...
2025-08-15 16:54:31,856 - INFO - Generated products_data.parquet with 500 records
2025-08-15 16:54:31,857 - INFO - Sample data generation completed!
2025-08-15 16:54:31,859 - INFO - Pipeline initialized with raw_data: raw_data, processed: processed
2025-08-15 16:54:31,859 - INFO - Starting data pipeline execution...
2025-08-15 16:54:31,860 - INFO - Ingesting CSV files...
2025-08-15 16:54:31,986 - INFO - Optimizing data types...
2025-08-15 16:54:32,171 - INFO - Loaded sales_data.csv: 10000 rows, 9 columns
2025-08-15 16:54:32,171 - INFO - Memory usage at CSV ingestion: 97.71 MB
2025-08-15 16:54:32,172 - INFO - Ingesting JSON files...
2025-08-15 16:54:32,205 - INFO - Optimizing data types...
2025-08-15 16:54:32,231 - INFO - Loaded customers_data.json: 2000 rows, 8 columns
2025-08-15 16:54:32,231 - INFO - Memory usage at JSON ingestion: 99.69 MB
2025-08-15 16:54:32,231 - INFO - Ingesting Parquet files...
2025-08-15 16:54:32,585 - INFO - Loaded products_data.parquet: 500 rows, 8 columns
2025-08-15 16:54:32,586 - INFO - Memory usage at Parquet ingestion: 105.58 MB
2025-08-15 16:54:32,586 - INFO - Performing cross-dataset joins...
2025-08-15 16:54:32,587 - INFO - Using sales_data as base dataset with 10000 rows
2025-08-15 16:54:32,619 - INFO - Joined customers_data on column 'customer_id'
2025-08-15 16:54:32,628 - INFO - Joined products_data on column 'product_id'
2025-08-15 16:54:32,628 - INFO - Memory usage at Data joins: 106.96 MB
2025-08-15 16:54:32,629 - INFO - Calculating KPIs with NumPy...
2025-08-15 16:54:32,647 - INFO - Performing aggregations with Polars...
2025-08-15 16:54:33,011 - INFO - Completed time-based aggregations
2025-08-15 16:54:33,012 - INFO - Memory usage at Polars aggregations: 116.69 MB
2025-08-15 16:54:33,013 - INFO - Saving processed results...
2025-08-15 16:54:33,338 - INFO - Results saved to processed
2025-08-15 16:54:33,338 - INFO - Pipeline completed successfully in 1.48 seconds
2025-08-15 16:54:33,338 - INFO - Processed 10000 total rows across 3 datasets
2025-08-15 20:05:27,974 - INFO - Generating all sample datasets...
2025-08-15 20:05:27,975 - INFO - Generating sales_data.csv in Week2\raw_data...
2025-08-15 20:05:28,353 - INFO - Generated sales_data.csv with 10000 records
2025-08-15 20:05:28,358 - INFO - Generating customers_data.json...
2025-08-15 20:05:28,500 - INFO - Generated customers_data.json with 2000 records
2025-08-15 20:05:28,501 - INFO - Generating products_data.parquet...
2025-08-15 20:05:28,676 - INFO - Generated products_data.parquet with 500 records
2025-08-15 20:05:28,677 - INFO - Sample data generation completed!
2025-08-15 20:05:28,681 - INFO - Pipeline initialized with raw_data: Week2/raw_data, processed: Week2/processed
2025-08-15 20:05:28,681 - INFO - Starting data pipeline execution...
2025-08-15 20:05:28,683 - INFO - Ingesting CSV files...
2025-08-15 20:05:28,767 - INFO - Optimizing data types...
2025-08-15 20:05:28,813 - INFO - Converted customer_id to category (cardinality: 1987/10000)
2025-08-15 20:05:28,820 - INFO - Converted product_id to category (cardinality: 500/10000)
2025-08-15 20:05:28,827 - INFO - Converted sale_date to category (cardinality: 366/10000)
2025-08-15 20:05:28,835 - INFO - Converted region to category (cardinality: 4/10000)
2025-08-15 20:05:28,839 - INFO - Converted sales_rep to category (cardinality: 50/10000)
2025-08-15 20:05:28,841 - INFO - Loaded sales_data.csv: 10000 rows, 9 columns
2025-08-15 20:05:28,842 - INFO - Memory usage at CSV ingestion: 97.70 MB
2025-08-15 20:05:28,843 - INFO - Ingesting JSON files...
2025-08-15 20:05:28,909 - INFO - Optimizing data types...
2025-08-15 20:05:28,921 - INFO - Converted first_name to category (cardinality: 6/2000)
2025-08-15 20:05:28,925 - INFO - Converted last_name to category (cardinality: 6/2000)
2025-08-15 20:05:28,934 - INFO - Converted registration_date to category (cardinality: 928/2000)
2025-08-15 20:05:28,938 - INFO - Converted customer_segment to category (cardinality: 3/2000)
2025-08-15 20:05:28,940 - INFO - Loaded customers_data.json: 2000 rows, 8 columns
2025-08-15 20:05:28,941 - INFO - Memory usage at JSON ingestion: 100.48 MB
2025-08-15 20:05:28,942 - INFO - Ingesting Parquet files...
2025-08-15 20:05:29,295 - INFO - Loaded products_data.parquet: 500 rows, 8 columns
2025-08-15 20:05:29,296 - INFO - Memory usage at Parquet ingestion: 106.62 MB
2025-08-15 20:05:29,297 - INFO - Performing cross-dataset joins...
2025-08-15 20:05:29,298 - INFO - Using sales_data as base dataset with 10000 rows
2025-08-15 20:05:29,323 - INFO - Joined customers_data on column 'customer_id'
2025-08-15 20:05:29,341 - INFO - Joined products_data on column 'product_id'
2025-08-15 20:05:29,341 - INFO - Memory usage at Data joins: 107.72 MB
2025-08-15 20:05:29,342 - INFO - Calculating KPIs with NumPy...
2025-08-15 20:05:29,368 - INFO - Performing aggregations with Polars...
2025-08-15 20:05:29,699 - INFO - Completed time-based aggregations
2025-08-15 20:05:29,700 - INFO - Memory usage at Polars aggregations: 117.81 MB
2025-08-15 20:05:29,702 - INFO - Saving processed results...
2025-08-15 20:05:30,418 - INFO - Results saved to Week2\processed
2025-08-15 20:05:30,418 - INFO - Pipeline completed successfully in 1.74 seconds
2025-08-15 20:05:30,419 - INFO - Processed 10000 total rows across 3 datasets
2025-08-15 21:03:29,315 - INFO - Generating all sample datasets...
2025-08-15 21:03:29,316 - INFO - Generating sales_data.csv in Week2\raw_data...
2025-08-15 21:03:29,519 - INFO - Generated sales_data.csv with 10000 records
2025-08-15 21:03:29,524 - INFO - Generating customers_data.json...
2025-08-15 21:03:29,589 - INFO - Generated customers_data.json with 2000 records
2025-08-15 21:03:29,589 - INFO - Generating products_data.parquet...
2025-08-15 21:03:29,801 - INFO - Generated products_data.parquet with 500 records
2025-08-15 21:03:29,801 - INFO - Sample data generation completed!
2025-08-15 21:03:29,802 - INFO - Pipeline initialized with raw_data: Week2/raw_data, processed: Week2/processed
2025-08-15 21:03:29,802 - INFO - Starting data pipeline execution...
2025-08-15 21:03:29,802 - INFO - Ingesting CSV files...
2025-08-15 21:03:29,854 - INFO - Optimizing data types...
2025-08-15 21:03:29,894 - INFO - Converted customer_id to category (cardinality: 1986/10000)
2025-08-15 21:03:29,898 - INFO - Converted product_id to category (cardinality: 500/10000)
2025-08-15 21:03:29,901 - INFO - Converted sale_date to category (cardinality: 366/10000)
2025-08-15 21:03:29,905 - INFO - Converted region to category (cardinality: 4/10000)
2025-08-15 21:03:29,908 - INFO - Converted sales_rep to category (cardinality: 50/10000)
2025-08-15 21:03:29,909 - INFO - Loaded sales_data.csv: 10000 rows, 9 columns
2025-08-15 21:03:29,910 - INFO - Memory usage at CSV ingestion: 98.39 MB
2025-08-15 21:03:29,910 - INFO - Ingesting JSON files...
2025-08-15 21:03:29,946 - INFO - Optimizing data types...
2025-08-15 21:03:29,952 - INFO - Converted first_name to category (cardinality: 6/2000)
2025-08-15 21:03:29,954 - INFO - Converted last_name to category (cardinality: 6/2000)
2025-08-15 21:03:29,956 - INFO - Converted registration_date to category (cardinality: 922/2000)
2025-08-15 21:03:29,958 - INFO - Converted customer_segment to category (cardinality: 3/2000)
2025-08-15 21:03:29,959 - INFO - Loaded customers_data.json: 2000 rows, 8 columns
2025-08-15 21:03:29,959 - INFO - Memory usage at JSON ingestion: 99.41 MB
2025-08-15 21:03:29,959 - INFO - Ingesting Parquet files...
2025-08-15 21:03:30,305 - INFO - Loaded products_data.parquet: 500 rows, 8 columns
2025-08-15 21:03:30,305 - INFO - Memory usage at Parquet ingestion: 105.53 MB
2025-08-15 21:03:30,305 - INFO - Performing cross-dataset joins...
2025-08-15 21:03:30,331 - INFO - Joined customers_data on column 'customer_id'
2025-08-15 21:03:30,341 - INFO - Joined products_data on column 'product_id'
2025-08-15 21:03:30,342 - INFO - Memory usage at Data joins: 107.53 MB
2025-08-15 21:03:30,342 - INFO - Calculating KPIs with NumPy...
2025-08-15 21:03:30,356 - INFO - Performing aggregations with Polars...
2025-08-15 21:03:30,773 - INFO - Completed time-based aggregations
2025-08-15 21:03:30,774 - INFO - Memory usage at Polars aggregations: 117.40 MB
2025-08-15 21:03:30,775 - INFO - Saving processed results...
2025-08-15 21:03:31,162 - INFO - Results saved to Week2\processed
2025-08-15 21:03:31,163 - INFO - Pipeline completed successfully in 1.36 seconds
2025-08-15 21:03:31,163 - INFO - Processed 10000 total rows across 3 datasets
2025-08-15 21:03:59,523 - INFO - Generating all sample datasets...
2025-08-15 21:03:59,524 - INFO - Generating sales_data.csv in Week2\raw_data...
2025-08-15 21:03:59,683 - INFO - Generated sales_data.csv with 10000 records
2025-08-15 21:03:59,686 - INFO - Generating customers_data.json...
2025-08-15 21:03:59,749 - INFO - Generated customers_data.json with 2000 records
2025-08-15 21:03:59,750 - INFO - Generating products_data.parquet...
2025-08-15 21:03:59,772 - INFO - Generated products_data.parquet with 500 records
2025-08-15 21:03:59,773 - INFO - Sample data generation completed!
2025-08-15 21:03:59,774 - INFO - Pipeline initialized with raw_data: Week2/raw_data, processed: Week2/processed
2025-08-15 21:03:59,775 - INFO - Starting data pipeline execution...
2025-08-15 21:03:59,775 - INFO - Ingesting CSV files...
2025-08-15 21:03:59,813 - INFO - Optimizing data types...
2025-08-15 21:03:59,826 - INFO - Converted customer_id to category (cardinality: 1984/10000)
2025-08-15 21:03:59,829 - INFO - Converted product_id to category (cardinality: 500/10000)
2025-08-15 21:03:59,832 - INFO - Converted sale_date to category (cardinality: 366/10000)
2025-08-15 21:03:59,834 - INFO - Converted region to category (cardinality: 4/10000)
2025-08-15 21:03:59,837 - INFO - Converted sales_rep to category (cardinality: 50/10000)
2025-08-15 21:03:59,838 - INFO - Loaded sales_data.csv: 10000 rows, 9 columns
2025-08-15 21:03:59,838 - INFO - Memory usage at CSV ingestion: 97.57 MB
2025-08-15 21:03:59,838 - INFO - Ingesting JSON files...
2025-08-15 21:03:59,868 - INFO - Optimizing data types...
2025-08-15 21:03:59,875 - INFO - Converted first_name to category (cardinality: 6/2000)
2025-08-15 21:03:59,877 - INFO - Converted last_name to category (cardinality: 6/2000)
2025-08-15 21:03:59,880 - INFO - Converted registration_date to category (cardinality: 922/2000)
2025-08-15 21:03:59,882 - INFO - Converted customer_segment to category (cardinality: 3/2000)
2025-08-15 21:03:59,882 - INFO - Loaded customers_data.json: 2000 rows, 8 columns
2025-08-15 21:03:59,883 - INFO - Memory usage at JSON ingestion: 100.20 MB
2025-08-15 21:03:59,883 - INFO - Ingesting Parquet files...
2025-08-15 21:03:59,929 - INFO - Loaded products_data.parquet: 500 rows, 8 columns
2025-08-15 21:03:59,929 - INFO - Memory usage at Parquet ingestion: 106.35 MB
2025-08-15 21:03:59,930 - INFO - Performing cross-dataset joins...
2025-08-15 21:03:59,930 - DEBUG - unified dataset shape (500, 8), (10000, 9)
2025-08-15 21:03:59,931 - DEBUG - Using sales_data as base dataset with 10000 rows
2025-08-15 21:03:59,938 - INFO - Joined customers_data on column 'customer_id'
2025-08-15 21:03:59,947 - INFO - Joined products_data on column 'product_id'
2025-08-15 21:03:59,947 - INFO - Memory usage at Data joins: 107.33 MB
2025-08-15 21:03:59,948 - INFO - Calculating KPIs with NumPy...
2025-08-15 21:03:59,961 - INFO - Performing aggregations with Polars...
2025-08-15 21:03:59,989 - INFO - Completed time-based aggregations
2025-08-15 21:03:59,989 - INFO - Memory usage at Polars aggregations: 117.57 MB
2025-08-15 21:03:59,990 - INFO - Saving processed results...
2025-08-15 21:04:00,190 - INFO - Results saved to Week2\processed
2025-08-15 21:04:00,190 - INFO - Pipeline completed successfully in 0.42 seconds
2025-08-15 21:04:00,190 - INFO - Processed 10000 total rows across 3 datasets
2025-08-15 21:59:36,302 - INFO - Generating all sample datasets...
2025-08-15 21:59:36,303 - INFO - Generating sales_data.csv in Week2\raw_data...
2025-08-15 21:59:36,505 - INFO - Generated sales_data.csv with 10000 records
2025-08-15 21:59:36,508 - INFO - Generating customers_data.json...
2025-08-15 21:59:36,583 - INFO - Generated customers_data.json with 2000 records
2025-08-15 21:59:36,584 - INFO - Generating products_data.parquet...
2025-08-15 21:59:36,776 - INFO - Generated products_data.parquet with 500 records
2025-08-15 21:59:36,777 - INFO - Sample data generation completed!
2025-08-15 21:59:36,778 - INFO - Pipeline initialized with raw_data: Week2/raw_data, processed: Week2/processed
2025-08-15 21:59:36,778 - INFO - Starting data pipeline execution...
2025-08-15 21:59:36,779 - INFO - Ingesting JSON files...
2025-08-15 21:59:36,827 - INFO - Optimizing data types...
2025-08-15 21:59:36,865 - INFO - Converted first_name to category (cardinality: 6/2000)
2025-08-15 21:59:36,867 - INFO - Converted last_name to category (cardinality: 6/2000)
2025-08-15 21:59:36,874 - INFO - Converted registration_date to category (cardinality: 913/2000)
2025-08-15 21:59:36,876 - INFO - Converted customer_segment to category (cardinality: 3/2000)
2025-08-15 21:59:36,877 - INFO - Loaded customers_data.json: 2000 rows, 8 columns
2025-08-15 21:59:36,877 - INFO - Memory usage at JSON ingestion: 98.18 MB
2025-08-15 21:59:36,877 - INFO - Ingesting Parquet files...
2025-08-15 21:59:37,280 - INFO - Loaded products_data.parquet: 500 rows, 8 columns
2025-08-15 21:59:37,281 - INFO - Memory usage at Parquet ingestion: 104.07 MB
2025-08-15 21:59:37,281 - INFO - Ingesting CSV files...
2025-08-15 21:59:37,324 - INFO - Optimizing data types...
2025-08-15 21:59:37,337 - INFO - Converted customer_id to category (cardinality: 1983/10000)
2025-08-15 21:59:37,340 - INFO - Converted product_id to category (cardinality: 500/10000)
2025-08-15 21:59:37,344 - INFO - Converted sale_date to category (cardinality: 366/10000)
2025-08-15 21:59:37,346 - INFO - Converted region to category (cardinality: 4/10000)
2025-08-15 21:59:37,349 - INFO - Converted sales_rep to category (cardinality: 50/10000)
2025-08-15 21:59:37,349 - INFO - Loaded sales_data.csv: 10000 rows, 9 columns
2025-08-15 21:59:37,350 - INFO - Memory usage at CSV ingestion: 105.34 MB
2025-08-15 21:59:37,350 - INFO - Performing cross-dataset joins...
2025-08-15 21:59:37,350 - DEBUG - unified dataset products_data shape (500, 8), sales_data shape (10000, 9)
2025-08-15 21:59:37,351 - DEBUG - Using sales_data as base dataset with 10000 rows
2025-08-15 21:59:37,434 - INFO - Joined customers_data on column 'customer_id'
2025-08-15 21:59:37,446 - INFO - Joined products_data on column 'product_id'
2025-08-15 21:59:37,446 - INFO - Memory usage at Data joins: 106.49 MB
2025-08-15 21:59:37,447 - INFO - Calculating KPIs with NumPy...
2025-08-15 21:59:37,461 - INFO - Performing aggregations with Polars...
2025-08-15 21:59:37,845 - INFO - Completed time-based aggregations
2025-08-15 21:59:37,845 - INFO - Memory usage at Polars aggregations: 116.43 MB
2025-08-15 21:59:37,846 - INFO - Saving processed results...
2025-08-15 21:59:38,212 - INFO - Results saved to Week2\processed
2025-08-15 21:59:38,212 - INFO - Pipeline completed successfully in 1.43 seconds
2025-08-15 21:59:38,213 - INFO - Processed 10000 total rows across 3 datasets
2025-08-15 22:04:02,075 - INFO - Generating all sample datasets...
2025-08-15 22:04:02,075 - INFO - Generating sales_data.csv in Week2\raw_data...
2025-08-15 22:04:02,260 - INFO - Generated sales_data.csv with 10000 records
2025-08-15 22:04:02,265 - INFO - Generating customers_data.json...
2025-08-15 22:04:02,338 - INFO - Generated customers_data.json with 2000 records
2025-08-15 22:04:02,339 - INFO - Generating products_data.parquet...
2025-08-15 22:04:02,361 - INFO - Generated products_data.parquet with 500 records
2025-08-15 22:04:02,362 - INFO - Sample data generation completed!
2025-08-15 22:04:02,362 - INFO - Pipeline initialized with raw_data: Week2/raw_data, processed: Week2/processed
2025-08-15 22:04:02,363 - INFO - Starting data pipeline execution...
2025-08-15 22:04:02,363 - INFO - Ingesting JSON files...
2025-08-15 22:04:02,456 - INFO - Optimizing data types...
2025-08-15 22:04:02,461 - INFO - Converted first_name to category (cardinality: 6/2000)
2025-08-15 22:04:02,463 - INFO - Converted last_name to category (cardinality: 6/2000)
2025-08-15 22:04:02,470 - INFO - Converted registration_date to category (cardinality: 915/2000)
2025-08-15 22:04:02,472 - INFO - Converted customer_segment to category (cardinality: 3/2000)
2025-08-15 22:04:02,472 - INFO - Loaded customers_data.json: 2000 rows, 8 columns
2025-08-15 22:04:02,473 - INFO - Memory usage at JSON ingestion: 99.20 MB at 2025-08-15 22:04:02.473319
2025-08-15 22:04:02,473 - INFO - Ingesting Parquet files...
2025-08-15 22:04:02,544 - INFO - Loaded products_data.parquet: 500 rows, 8 columns
2025-08-15 22:04:02,544 - INFO - Memory usage at Parquet ingestion: 105.00 MB at 2025-08-15 22:04:02.544649
2025-08-15 22:04:02,544 - INFO - Ingesting CSV files...
2025-08-15 22:04:02,582 - INFO - Optimizing data types...
2025-08-15 22:04:02,598 - INFO - Converted customer_id to category (cardinality: 1979/10000)
2025-08-15 22:04:02,603 - INFO - Converted product_id to category (cardinality: 500/10000)
2025-08-15 22:04:02,605 - INFO - Converted sale_date to category (cardinality: 366/10000)
2025-08-15 22:04:02,610 - INFO - Converted region to category (cardinality: 4/10000)
2025-08-15 22:04:02,613 - INFO - Converted sales_rep to category (cardinality: 50/10000)
2025-08-15 22:04:02,614 - INFO - Loaded sales_data.csv: 10000 rows, 9 columns
2025-08-15 22:04:02,615 - INFO - Memory usage at CSV ingestion: 105.02 MB at 2025-08-15 22:04:02.615619
2025-08-15 22:04:02,616 - INFO - Performing cross-dataset joins...
2025-08-15 22:04:02,616 - DEBUG - unified dataset products_data shape (500, 8), sales_data shape (10000, 9)
2025-08-15 22:04:02,618 - DEBUG - Using sales_data as base dataset with 10000 rows
2025-08-15 22:04:02,627 - INFO - Joined customers_data on column 'customer_id'
2025-08-15 22:04:02,634 - INFO - Joined products_data on column 'product_id'
2025-08-15 22:04:02,635 - INFO - Memory usage at Data joins: 107.15 MB at 2025-08-15 22:04:02.635172
2025-08-15 22:04:02,635 - INFO - Calculating KPIs with NumPy...
2025-08-15 22:04:02,644 - INFO - Performing aggregations with Polars...
2025-08-15 22:04:02,682 - INFO - Completed time-based aggregations
2025-08-15 22:04:02,683 - INFO - Memory usage at Polars aggregations: 117.51 MB at 2025-08-15 22:04:02.683037
2025-08-15 22:04:02,683 - INFO - Saving processed results...
2025-08-15 22:04:02,850 - INFO - Results saved to Week2\processed
2025-08-15 22:04:02,850 - INFO - Pipeline completed successfully in 0.49 seconds
2025-08-15 22:04:02,851 - INFO - Processed 10000 total rows across 3 datasets
